<?xml version="1.0" encoding="UTF-8"?>
<!-- Generated by org.testng.reporters.JUnitXMLReporter -->
<testsuite ignored="0" hostname="DESKTOP-9HVER1J" failures="1" tests="3" name="Test" time="22.006" errors="0" timestamp="2022-07-24T14:23:15 IST">
  <testcase classname="Test_scenarios.TestSearchMethod" name="search" time="3.433"/>
  <testcase classname="Test_scenarios.TestSearchMethod" name="verifyFacebookLink" time="3.224"/>
  <testcase classname="Test_scenarios.TestSearchMethod" name="logintoFacebook" time="3.518">
    <failure type="java.lang.AssertionError" message="expected [Facebook – log in or sign up] but found []">
      <![CDATA[java.lang.AssertionError: expected [Facebook – log in or sign up] but found []
at objects.Facebookpage.clickOnLoginBtn(Facebookpage.java:44)
at Test_scenarios.TestSearchMethod.logintoFacebook(TestSearchMethod.java:52)
at java.base/java.util.ArrayList.forEach(Unknown Source)
... Removed 33 stack frames]]>
    </failure>
  </testcase> <!-- logintoFacebook -->
</testsuite> <!-- Test -->
