<?xml version="1.0" encoding="UTF-8"?>
<!-- Generated by org.testng.reporters.JUnitXMLReporter -->
<testsuite ignored="0" hostname="DESKTOP-9HVER1J" failures="0" tests="3" name="Test" time="21.061" errors="0" timestamp="2022-07-21T19:24:27 IST">
  <testcase classname="Test_scenarios.TestSearchMethod" name="search" time="3.22"/>
  <testcase classname="Test_scenarios.TestSearchMethod" name="verifyFacebookLink" time="2.884"/>
  <testcase classname="Test_scenarios.TestSearchMethod" name="logintoFacebook" time="7.991"/>
</testsuite> <!-- Test -->
