<?xml version="1.0" encoding="UTF-8"?>
<!-- Generated by org.testng.reporters.JUnitXMLReporter -->
<testsuite ignored="0" hostname="DESKTOP-9HVER1J" failures="0" tests="3" name="Default test" time="26.821" errors="0" timestamp="2022-07-21T17:31:37 IST">
  <testcase classname="Test_scenarios.TestSearchMethod" name="search" time="3.86"/>
  <testcase classname="Test_scenarios.TestSearchMethod" name="verifyFacebookLink" time="3.682"/>
  <testcase classname="Test_scenarios.TestSearchMethod" name="logintoFacebook" time="11.526"/>
</testsuite> <!-- Default test -->
