<?xml version="1.0" encoding="UTF-8"?>
<testng-results ignored="0" total="3" passed="3" failed="0" skipped="0">
  <reporter-output>
  </reporter-output>
  <suite started-at="2022-07-23T12:18:27 IST" name="Suite" finished-at="2022-07-23T12:18:52 IST" duration-ms="24953">
    <groups>
    </groups>
    <test started-at="2022-07-23T12:18:27 IST" name="Test" finished-at="2022-07-23T12:18:52 IST" duration-ms="24953">
      <class name="Test_scenarios.TestSearchMethod">
        <test-method is-config="true" signature="beforeTest()[pri:0, instance:Test_scenarios.TestSearchMethod@4b013c76]" started-at="2022-07-23T12:18:27 IST" name="beforeTest" finished-at="2022-07-23T12:18:34 IST" duration-ms="7672" status="PASS">
          <reporter-output>
          </reporter-output>
        </test-method> <!-- beforeTest -->
        <test-method signature="search()[pri:0, instance:Test_scenarios.TestSearchMethod@4b013c76]" started-at="2022-07-23T12:18:34 IST" name="search" finished-at="2022-07-23T12:18:37 IST" duration-ms="2609" status="PASS">
          <reporter-output>
          </reporter-output>
        </test-method> <!-- search -->
        <test-method signature="verifyFacebookLink()[pri:1, instance:Test_scenarios.TestSearchMethod@4b013c76]" started-at="2022-07-23T12:18:37 IST" name="verifyFacebookLink" finished-at="2022-07-23T12:18:40 IST" duration-ms="3069" status="PASS">
          <reporter-output>
          </reporter-output>
        </test-method> <!-- verifyFacebookLink -->
        <test-method signature="logintoFacebook()[pri:2, instance:Test_scenarios.TestSearchMethod@4b013c76]" started-at="2022-07-23T12:18:40 IST" name="logintoFacebook" finished-at="2022-07-23T12:18:49 IST" duration-ms="9341" status="PASS">
          <reporter-output>
          </reporter-output>
        </test-method> <!-- logintoFacebook -->
        <test-method is-config="true" signature="afterTest()[pri:0, instance:Test_scenarios.TestSearchMethod@4b013c76]" started-at="2022-07-23T12:18:49 IST" name="afterTest" finished-at="2022-07-23T12:18:52 IST" duration-ms="2127" status="PASS">
          <reporter-output>
          </reporter-output>
        </test-method> <!-- afterTest -->
      </class> <!-- Test_scenarios.TestSearchMethod -->
    </test> <!-- Test -->
  </suite> <!-- Suite -->
</testng-results>
